*******************************************************************************
Sun Nov 13 18:25:34 2022


FIT:    data read from "VarianzaVsT.txt"
        format = z
        #datapoints = 400
        residuals are weighted equally (unit weight)

function used for fitting: F(t)
	F(t) = a* t+ b
fitted parameters initialized with current variable values

iter      chisq       delta/lim  lambda   a             b            
   0 2.2449393393e+08   0.00e+00  1.63e+02    1.000000e+00   1.000000e+00
   6 1.2176627226e-03  -4.62e-06  1.63e-04    1.333333e+00   6.826667e+02

After 6 iterations the fit converged.
final sum of squares of residuals : 0.00121766
rel. change during last iteration : -4.61991e-11

degrees of freedom    (FIT_NDF)                        : 398
rms of residuals      (FIT_STDFIT) = sqrt(WSSR/ndf)    : 0.00174913
variance of residuals (reduced chisquare) = WSSR/ndf   : 3.05945e-06

Final set of parameters            Asymptotic Standard Error
=======================            ==========================
a               = 1.33333          +/- 7.574e-07    (5.68e-05%)
b               = 682.667          +/- 0.0001746    (2.557e-05%)

correlation matrix of the fit parameters:
                a      b      
a               1.000 
b              -0.865  1.000 
